nohup: ignoring input
2025-05-05 18:22:09 PDT Loaded state
2025-05-05 18:22:09 PDT State saved
2025-05-05 18:22:09 PDT BTC/USD Price=94867.70 EMA15=94665.69 EMA60=94728.90 ATR=0.00 VOL=1.35 Pos=0.0
2025-05-05 18:22:10 PDT ETH/USD Price=1819.94 EMA15=1815.47 EMA60=1818.31 ATR=0.00 VOL=18.09 Pos=0.0
2025-05-05 18:22:11 PDT SOL/USD Price=146.42 EMA15=146.14 EMA60=146.49 ATR=0.00 VOL=78.27 Pos=0.0
2025-05-05 18:22:11 PDT LTC/USD Price=83.27 EMA15=83.06 EMA60=83.29 ATR=0.00 VOL=24.21 Pos=0.0
2025-05-05 18:22:12 PDT AVAX/USD Price=19.74 EMA15=19.67 EMA60=19.69 ATR=0.00 VOL=855.26 Pos=0.0
2025-05-05 18:22:12 PDT Overall P&L: +0.00 USD
2025-05-05 18:22:12 PDT State saved
2025-05-05 18:23:13 PDT BTC/USD Price=94867.70 EMA15=94690.94 EMA60=94733.45 ATR=0.00 VOL=1.35 Pos=0.0
2025-05-05 18:23:14 PDT ETH/USD Price=1818.82 EMA15=1816.02 EMA60=1818.36 ATR=0.00 VOL=18.09 Pos=0.0
2025-05-05 18:23:14 PDT SOL/USD Price=146.24 EMA15=146.18 EMA60=146.49 ATR=0.00 VOL=78.27 Pos=0.0
2025-05-05 18:23:15 PDT LTC/USD Price=83.29 EMA15=83.09 EMA60=83.29 ATR=0.00 VOL=24.21 Pos=0.0
2025-05-05 18:23:16 PDT AVAX/USD Price=19.74 EMA15=19.68 EMA60=19.69 ATR=0.00 VOL=855.26 Pos=0.0
2025-05-05 18:23:16 PDT Overall P&L: +0.00 USD
2025-05-05 18:23:16 PDT State saved
2025-05-05 18:24:17 PDT BTC/USD Price=94867.70 EMA15=94713.04 EMA60=94737.85 ATR=0.00 VOL=1.35 Pos=0.0
2025-05-05 18:24:17 PDT ETH/USD Price=1820.08 EMA15=1816.37 EMA60=1818.37 ATR=0.00 VOL=18.09 Pos=0.0
2025-05-05 18:24:18 PDT SOL/USD Price=146.33 EMA15=146.18 EMA60=146.48 ATR=0.00 VOL=78.27 Pos=0.0
2025-05-05 18:24:19 PDT LTC/USD Price=83.38 EMA15=83.11 EMA60=83.29 ATR=0.00 VOL=24.21 Pos=0.0
2025-05-05 18:24:19 PDT AVAX/USD Price=19.76 EMA15=19.68 EMA60=19.69 ATR=0.00 VOL=855.26 Pos=0.0
2025-05-05 18:24:19 PDT Overall P&L: +0.00 USD
2025-05-05 18:24:19 PDT State saved
2025-05-05 18:25:20 PDT BTC/USD Price=94831.16 EMA15=94732.37 EMA60=94742.11 ATR=0.00 VOL=1.35 Pos=0.0
2025-05-05 18:25:21 PDT ETH/USD Price=1819.39 EMA15=1816.84 EMA60=1818.43 ATR=0.00 VOL=18.09 Pos=0.0
2025-05-05 18:25:22 PDT SOL/USD Price=146.20 EMA15=146.20 EMA60=146.47 ATR=0.00 VOL=78.27 Pos=0.0
2025-05-05 18:25:22 PDT LTC/USD Price=83.32 EMA15=83.15 EMA60=83.29 ATR=0.00 VOL=24.21 Pos=0.0
2025-05-05 18:25:23 PDT AVAX/USD Price=19.76 EMA15=19.69 EMA60=19.69 ATR=0.00 VOL=855.26 Pos=0.0
2025-05-05 18:25:23 PDT Overall P&L: +0.00 USD
2025-05-05 18:25:23 PDT State saved
2025-05-05 18:26:24 PDT BTC/USD Price=94831.16 EMA15=94744.72 EMA60=94745.03 ATR=0.00 VOL=1.35 Pos=0.0
2025-05-05 18:26:25 PDT ETH/USD Price=1818.91 EMA15=1817.16 EMA60=1818.46 ATR=0.00 VOL=18.14 Pos=0.0
2025-05-05 18:26:25 PDT SOL/USD Price=146.25 EMA15=146.20 EMA60=146.47 ATR=0.00 VOL=78.27 Pos=0.0
2025-05-05 18:26:26 PDT LTC/USD Price=83.28 EMA15=83.17 EMA60=83.29 ATR=0.00 VOL=24.21 Pos=0.0
2025-05-05 18:26:27 PDT AVAX/USD Price=19.76 EMA15=19.70 EMA60=19.70 ATR=0.00 VOL=855.26 Pos=0.0
2025-05-05 18:26:27 PDT Overall P&L: +0.00 USD
2025-05-05 18:26:27 PDT State saved
